{
  "RSpec": {
    "coverage": {
      "/Users/edwardgoold/Projects/MAcourse/week_4/bookmark_manager/spec/features/adding_a_new_tag_spec.rb": [
        null,
        1,
        1,
        1,
        1,
        1,
        1,
        1,
        1,
        1,
        1,
        null,
        null,
        1,
        1,
        1,
        1,
        1,
        1,
        1,
        1,
        1,
        1,
        null,
        null
      ],
      "/Users/edwardgoold/Projects/MAcourse/week_4/bookmark_manager/spec/features/creating_links_spec.rb": [
        null,
        1,
        1,
        1,
        1,
        1,
        1,
        1,
        1,
        1,
        null,
        null
      ],
      "/Users/edwardgoold/Projects/MAcourse/week_4/bookmark_manager/spec/features/creating_user_account_spec.rb": [
        null,
        1,
        1,
        1,
        1,
        1,
        1,
        null,
        null,
        1,
        1,
        1,
        1,
        1,
        1,
        1,
        null,
        null
      ],
      "/Users/edwardgoold/Projects/MAcourse/week_4/bookmark_manager/spec/features/filtering_by_tag_spec.rb": [
        null,
        1,
        1,
        1,
        1,
        1,
        1,
        1,
        1,
        1,
        1,
        1,
        1,
        1,
        1,
        1,
        1,
        1,
        1,
        1,
        1,
        1,
        1,
        null,
        null
      ],
      "/Users/edwardgoold/Projects/MAcourse/week_4/bookmark_manager/spec/features/testing_infrastructure_spec.rb": [
        null,
        null,
        1,
        1,
        null,
        1,
        1,
        1,
        null,
        1,
        null,
        1,
        1,
        null,
        null,
        null
      ]
    },
    "timestamp": 1516981723
  }
}
